2018-09-13 13:28:07.989  INFO 4964 --- [main] com.example.demo.DutchApp1Application    : Starting DutchApp1Application on Vishal-PC with PID 4964 (G:\DuchApp\dutch-app1\bin\main started by welcome in G:\DuchApp\dutch-app1)
2018-09-13 13:28:08.021  INFO 4964 --- [main] com.example.demo.DutchApp1Application    : No active profile set, falling back to default profiles: default
2018-09-13 13:28:08.249  INFO 4964 --- [main] ConfigServletWebServerApplicationContext : Refreshing org.springframework.boot.web.servlet.context.AnnotationConfigServletWebServerApplicationContext@70e8f8e: startup date [Thu Sep 13 13:28:08 IST 2018]; root of context hierarchy
2018-09-13 13:28:12.694  INFO 4964 --- [main] trationDelegate$BeanPostProcessorChecker : Bean 'org.springframework.transaction.annotation.ProxyTransactionManagementConfiguration' of type [org.springframework.transaction.annotation.ProxyTransactionManagementConfiguration$$EnhancerBySpringCGLIB$$e24f3dc6] is not eligible for getting processed by all BeanPostProcessors (for example: not eligible for auto-proxying)
2018-09-13 13:28:14.350  INFO 4964 --- [main] o.s.b.w.embedded.tomcat.TomcatWebServer  : Tomcat initialized with port(s): 2020 (http)
2018-09-13 13:28:14.493  INFO 4964 --- [main] o.apache.catalina.core.StandardService   : Starting service [Tomcat]
2018-09-13 13:28:14.493  INFO 4964 --- [main] org.apache.catalina.core.StandardEngine  : Starting Servlet Engine: Apache Tomcat/8.5.34
2018-09-13 13:28:14.509  INFO 4964 --- [localhost-startStop-1] o.a.catalina.core.AprLifecycleListener   : The APR based Apache Tomcat Native library which allows optimal performance in production environments was not found on the java.library.path: [C:\Program Files\Java\jdk1.8.0_131\bin;C:\WINDOWS\Sun\Java\bin;C:\WINDOWS\system32;C:\WINDOWS;C:/Program Files/Java/jdk1.8.0_131/bin/../jre/bin/server;C:/Program Files/Java/jdk1.8.0_131/bin/../jre/bin;C:/Program Files/Java/jdk1.8.0_131/bin/../jre/lib/amd64;C:\oraclexe\app\oracle\product\10.2.0\server\bin;C:\Program Files\Java\jdk1.8.0_131\bin;C:\Program Files\Java\jdk1.8.0_131\jre\lib\ext;C:\Program Files\nodejs\;C:\Program Files (x86)\Microsoft SQL Server\Client SDK\ODBC\130\Tools\Binn\;C:\Program Files (x86)\Microsoft SQL Server\140\Tools\Binn\;C:\Program Files (x86)\Microsoft SQL Server\140\DTS\Binn\;C:\Program Files (x86)\Microsoft SQL Server\140\Tools\Binn\ManagementStudio\;C:\WINDOWS\system32;C:\WINDOWS;C:\WINDOWS\System32\Wbem;C:\WINDOWS\System32\WindowsPowerShell\v1.0\;C:\WINDOWS\System32\OpenSSH\;C:\Program Files\Git\cmd;C:\Users\welcome\AppData\Local\Programs\Python\Python36\Scripts\;C:\Users\welcome\AppData\Local\Programs\Python\Python36\;C:\Users\welcome\AppData\Local\Programs\Python\Python36-32\Scripts\;C:\Users\welcome\AppData\Local\Programs\Python\Python36-32\;C:\Python27;C:\Program Files\Java\jdk1.8.0_131\bin;C:\Program Files\EditPlus;C:\Users\welcome\AppData\Roaming\npm;C:\Users\welcome\AppData\Local\Microsoft\WindowsApps;C:\Program Files\Microsoft VS Code\bin;C:\Users\welcome\Desktop\PD\Python27;;C:\Users\welcome\Downloads\sts-bundle\sts-3.9.2.RELEASE;;.]
2018-09-13 13:28:14.947  INFO 4964 --- [localhost-startStop-1] o.a.c.c.C.[.[localhost].[/karbhari]      : Initializing Spring embedded WebApplicationContext
2018-09-13 13:28:14.947  INFO 4964 --- [localhost-startStop-1] o.s.web.context.ContextLoader            : Root WebApplicationContext: initialization completed in 6698 ms
2018-09-13 13:28:15.181  INFO 4964 --- [localhost-startStop-1] o.s.b.w.servlet.ServletRegistrationBean  : Servlet dispatcherServlet mapped to [/]
2018-09-13 13:28:15.197  INFO 4964 --- [localhost-startStop-1] o.s.b.w.servlet.FilterRegistrationBean   : Mapping filter: 'characterEncodingFilter' to: [/*]
2018-09-13 13:28:15.197  INFO 4964 --- [localhost-startStop-1] o.s.b.w.servlet.FilterRegistrationBean   : Mapping filter: 'hiddenHttpMethodFilter' to: [/*]
2018-09-13 13:28:15.197  INFO 4964 --- [localhost-startStop-1] o.s.b.w.servlet.FilterRegistrationBean   : Mapping filter: 'httpPutFormContentFilter' to: [/*]
2018-09-13 13:28:15.197  INFO 4964 --- [localhost-startStop-1] o.s.b.w.servlet.FilterRegistrationBean   : Mapping filter: 'requestContextFilter' to: [/*]
2018-09-13 13:28:15.948  INFO 4964 --- [main] com.zaxxer.hikari.HikariDataSource       : karbhari-op - Starting...
2018-09-13 13:28:16.635  INFO 4964 --- [main] com.zaxxer.hikari.HikariDataSource       : karbhari-op - Start completed.
2018-09-13 13:28:16.903  INFO 4964 --- [main] j.LocalContainerEntityManagerFactoryBean : Building JPA container EntityManagerFactory for persistence unit 'default'
2018-09-13 13:28:17.028  INFO 4964 --- [main] o.hibernate.jpa.internal.util.LogHelper  : HHH000204: Processing PersistenceUnitInfo [
	name: default
	...]
2018-09-13 13:28:17.523  INFO 4964 --- [main] org.hibernate.Version                    : HHH000412: Hibernate Core {5.2.17.Final}
2018-09-13 13:28:17.523  INFO 4964 --- [main] org.hibernate.cfg.Environment            : HHH000206: hibernate.properties not found
2018-09-13 13:28:17.902  INFO 4964 --- [main] o.hibernate.annotations.common.Version   : HCANN000001: Hibernate Commons Annotations {5.0.1.Final}
2018-09-13 13:28:20.780  INFO 4964 --- [main] org.hibernate.dialect.Dialect            : HHH000400: Using dialect: org.hibernate.dialect.MySQL5Dialect
2018-09-13 13:28:22.508  INFO 4964 --- [main] j.LocalContainerEntityManagerFactoryBean : Initialized JPA EntityManagerFactory for persistence unit 'default'
2018-09-13 13:28:22.830  INFO 4964 --- [main] o.s.w.s.handler.SimpleUrlHandlerMapping  : Mapped URL path [/**/favicon.ico] onto handler of type [class org.springframework.web.servlet.resource.ResourceHttpRequestHandler]
2018-09-13 13:28:23.862  INFO 4964 --- [main] s.w.s.m.m.a.RequestMappingHandlerAdapter : Looking for @ControllerAdvice: org.springframework.boot.web.servlet.context.AnnotationConfigServletWebServerApplicationContext@70e8f8e: startup date [Thu Sep 13 13:28:08 IST 2018]; root of context hierarchy
2018-09-13 13:28:23.963  WARN 4964 --- [main] aWebConfiguration$JpaWebMvcConfiguration : spring.jpa.open-in-view is enabled by default. Therefore, database queries may be performed during view rendering. Explicitly configure spring.jpa.open-in-view to disable this warning
2018-09-13 13:28:24.093  INFO 4964 --- [main] s.w.s.m.m.a.RequestMappingHandlerMapping : Mapped "{[/error]}" onto public org.springframework.http.ResponseEntity<java.util.Map<java.lang.String, java.lang.Object>> org.springframework.boot.autoconfigure.web.servlet.error.BasicErrorController.error(javax.servlet.http.HttpServletRequest)
2018-09-13 13:28:24.093  INFO 4964 --- [main] s.w.s.m.m.a.RequestMappingHandlerMapping : Mapped "{[/error],produces=[text/html]}" onto public org.springframework.web.servlet.ModelAndView org.springframework.boot.autoconfigure.web.servlet.error.BasicErrorController.errorHtml(javax.servlet.http.HttpServletRequest,javax.servlet.http.HttpServletResponse)
2018-09-13 13:28:24.171  INFO 4964 --- [main] o.s.w.s.handler.SimpleUrlHandlerMapping  : Mapped URL path [/webjars/**] onto handler of type [class org.springframework.web.servlet.resource.ResourceHttpRequestHandler]
2018-09-13 13:28:24.171  INFO 4964 --- [main] o.s.w.s.handler.SimpleUrlHandlerMapping  : Mapped URL path [/**] onto handler of type [class org.springframework.web.servlet.resource.ResourceHttpRequestHandler]
2018-09-13 13:28:25.396  INFO 4964 --- [main] o.s.b.w.embedded.tomcat.TomcatWebServer  : Tomcat started on port(s): 2020 (http) with context path '/karbhari'
2018-09-13 13:28:25.409  INFO 4964 --- [main] com.example.demo.DutchApp1Application    : Started DutchApp1Application in 19.399 seconds (JVM running for 23.966)
2018-09-13 13:29:50.727  INFO 4964 --- [RMI TCP Connection(2)-127.0.0.1] inMXBeanRegistrar$SpringApplicationAdmin : Application shutdown requested.
2018-09-13 13:29:50.731  INFO 4964 --- [RMI TCP Connection(2)-127.0.0.1] ConfigServletWebServerApplicationContext : Closing org.springframework.boot.web.servlet.context.AnnotationConfigServletWebServerApplicationContext@70e8f8e: startup date [Thu Sep 13 13:28:08 IST 2018]; root of context hierarchy
2018-09-13 13:29:50.733  INFO 4964 --- [RMI TCP Connection(2)-127.0.0.1] j.LocalContainerEntityManagerFactoryBean : Closing JPA EntityManagerFactory for persistence unit 'default'
2018-09-13 13:29:50.733  INFO 4964 --- [RMI TCP Connection(2)-127.0.0.1] com.zaxxer.hikari.HikariDataSource       : karbhari-op - Shutdown initiated...
2018-09-13 13:29:50.795  INFO 4964 --- [RMI TCP Connection(2)-127.0.0.1] com.zaxxer.hikari.HikariDataSource       : karbhari-op - Shutdown completed.
